#
# A fatal error has been detected by the Java Runtime Environment:
#
#  EXCEPTION_ACCESS_VIOLATION (0xc0000005) at pc=0x6da95efb, pid=3072, tid=3244
#
# JRE version: 6.0_25-b06
# Java VM: Java HotSpot(TM) Client VM (20.0-b11 mixed mode, sharing windows-x86 )
# Problematic frame:
# V  [jvm.dll+0x1f5efb]
#
# If you would like to submit a bug report, please visit:
#   http://java.sun.com/webapps/bugreport/crash.jsp
#

---------------  T H R E A D  ---------------

Current thread (0x02fa3800):  JavaThread "C1 CompilerThread0" daemon [_thread_in_native, id=3244, stack(0x04090000,0x040e0000)]

siginfo: ExceptionCode=0xc0000005, reading address 0x8677df1c

Registers:
EAX=0x8677dee0, EBX=0x047a1f90, ECX=0x047a2020, EDX=0x047a803c
ESP=0x040df340, EBP=0x040df350, ESI=0x8677df1c, EDI=0x0477dee0
EIP=0x6da95efb, EFLAGS=0x00010206

Top of Stack: (sp=0x040df340)
0x040df340:   0477dee0 00000afa 040df61c 0477dee0
0x040df350:   040df380 6da95f83 0477dee0 00000afa
0x040df360:   040df61c 00000afe 00000ae7 0477dee0
0x040df370:   040df61c 040df39c 0477dee0 0477dee0
0x040df380:   040df39c 6da9629f 00000afa 040df61c
0x040df390:   00000ae7 ffffffff 040df61c 040df3d0
0x040df3a0:   6da9658e 0477dee0 00000ae7 0470ad98
0x040df3b0:   040df61c 0477dee0 02fba701 0477df70 

Instructions: (pc=0x6da95efb)
0x6da95edb:   ff 8b c8 e8 cd fe ff ff 8b d8 eb 02 33 db 8b 46
0x6da95eeb:   04 89 43 04 8b 46 38 8d 70 3c 89 43 38 89 43 5c
0x6da95efb:   83 3e 00 75 3e 6a 10 bf 04 00 00 00 e8 84 fc e6
0x6da95f0b:   ff 33 c9 8b d6 89 0a 89 42 04 89 7a 08 8b 3e 8b 


Register to memory mapping:

EAX=0x8677dee0 is an unknown value
EBX=0x047a1f90 is an unknown value
ECX=0x047a2020 is an unknown value
EDX=0x047a803c is an unknown value
ESP=0x040df340 is pointing into the stack for thread: 0x02fa3800
EBP=0x040df350 is pointing into the stack for thread: 0x02fa3800
ESI=0x8677df1c is an unknown value
EDI=0x0477dee0 is an unknown value


Stack: [0x04090000,0x040e0000],  sp=0x040df340,  free space=316k
Native frames: (J=compiled Java code, j=interpreted, Vv=VM code, C=native code)
V  [jvm.dll+0x1f5efb]
V  [jvm.dll+0x1f5f83]
V  [jvm.dll+0x1f629f]
V  [jvm.dll+0x1f658e]
V  [jvm.dll+0x1f8779]
V  [jvm.dll+0x1f8c19]
V  [jvm.dll+0x1f9dc5]
V  [jvm.dll+0x1e3929]
V  [jvm.dll+0x1e39bc]
V  [jvm.dll+0x1e3b0f]
V  [jvm.dll+0x1e3d64]
V  [jvm.dll+0x3ddbd]
V  [jvm.dll+0x3e8e5]
V  [jvm.dll+0x118f44]
V  [jvm.dll+0x140a8c]
C  [MSVCR71.dll+0x9565]  endthreadex+0xa0
C  [kernel32.dll+0xb699]  GetModuleFileNameA+0x1ba


Current CompileTask:
C1:    540 136  !   com.sun.tools.javac.parser.Scanner.nextToken()V (1686 bytes)


---------------  P R O C E S S  ---------------

Java Threads: ( => current thread )
  0x02fa9800 JavaThread "Low Memory Detector" daemon [_thread_blocked, id=412, stack(0x040e0000,0x044e0000)]
=>0x02fa3800 JavaThread "C1 CompilerThread0" daemon [_thread_in_native, id=3244, stack(0x04090000,0x040e0000)]
  0x02fa2000 JavaThread "Attach Listener" daemon [_thread_blocked, id=1540, stack(0x03c90000,0x04090000)]
  0x02fc1800 JavaThread "Signal Dispatcher" daemon [_thread_blocked, id=3476, stack(0x03890000,0x03c90000)]
  0x02f98800 JavaThread "Finalizer" daemon [_thread_blocked, id=620, stack(0x03490000,0x03890000)]
  0x02f97400 JavaThread "Reference Handler" daemon [_thread_blocked, id=2976, stack(0x03090000,0x03490000)]
  0x002f7400 JavaThread "main" [_thread_blocked, id=2280, stack(0x00970000,0x00d70000)]

Other Threads:
  0x02f5b000 VMThread [stack: 0x03040000,0x03090000] [id=2140]
  0x02fb9400 WatcherThread [stack: 0x044e0000,0x04530000] [id=1636]

VM state:not at safepoint (normal execution)

VM Mutex/Monitor currently owned by a thread: None

Heap
 def new generation   total 2432K, used 820K [0x229e0000, 0x22c80000, 0x27f30000)
  eden space 2176K,  25% used [0x229e0000, 0x22a6d240, 0x22c00000)
  from space 256K, 100% used [0x22c00000, 0x22c40000, 0x22c40000)
  to   space 256K,   0% used [0x22c40000, 0x22c40000, 0x22c80000)
 tenured generation   total 5504K, used 4457K [0x27f30000, 0x28490000, 0x329e0000)
   the space 5504K,  80% used [0x27f30000, 0x2838a7d8, 0x2838a800, 0x28490000)
 compacting perm gen  total 12288K, used 2777K [0x329e0000, 0x335e0000, 0x369e0000)
   the space 12288K,  22% used [0x329e0000, 0x32c967c0, 0x32c96800, 0x335e0000)
    ro space 10240K,  54% used [0x369e0000, 0x36f5e770, 0x36f5e800, 0x373e0000)
    rw space 12288K,  55% used [0x373e0000, 0x37a84ac8, 0x37a84c00, 0x37fe0000)

Code Cache  [0x00d70000, 0x00e18000, 0x02d70000)
 total_blobs=276 nmethods=142 adapters=70 free_code_cache=32887872 largest_free_block=0

Dynamic libraries:
0x00400000 - 0x0040a000 	C:\WORKS\PROGRAMS\Java\jdk1.6.0_25\bin\javac.exe
0x7c940000 - 0x7c9df000 	C:\WINDOWS\system32\ntdll.dll
0x7c800000 - 0x7c932000 	C:\WINDOWS\system32\kernel32.dll
0x6d010000 - 0x6d025000 	C:\WORKS\PROGRAMS\Java\jdk1.6.0_25\bin\jli.dll
0x77d80000 - 0x77e29000 	C:\WINDOWS\system32\ADVAPI32.dll
0x77e30000 - 0x77ec2000 	C:\WINDOWS\system32\RPCRT4.dll
0x77fa0000 - 0x77fb1000 	C:\WINDOWS\system32\Secur32.dll
0x7c340000 - 0x7c396000 	C:\WORKS\PROGRAMS\Java\jdk1.6.0_25\bin\MSVCR71.dll
0x00300000 - 0x00356000 	C:\WORKS\PROGRAMS\Java\jdk1.6.0_25\jre\bin\msvcr71.dll
0x6d8a0000 - 0x6db4f000 	C:\WORKS\PROGRAMS\Java\jdk1.6.0_25\jre\bin\client\jvm.dll
0x77cf0000 - 0x77d7f000 	C:\WINDOWS\system32\USER32.dll
0x77ed0000 - 0x77f18000 	C:\WINDOWS\system32\GDI32.dll
0x76af0000 - 0x76b1b000 	C:\WINDOWS\system32\WINMM.dll
0x762e0000 - 0x762fd000 	C:\WINDOWS\system32\IMM32.DLL
0x60740000 - 0x60749000 	C:\WINDOWS\system32\LPK.DLL
0x73f80000 - 0x73feb000 	C:\WINDOWS\system32\USP10.dll
0x77bc0000 - 0x77c18000 	C:\WINDOWS\system32\msvcrt.dll
0x6d850000 - 0x6d85c000 	C:\WORKS\PROGRAMS\Java\jdk1.6.0_25\jre\bin\verify.dll
0x6d3d0000 - 0x6d3ef000 	C:\WORKS\PROGRAMS\Java\jdk1.6.0_25\jre\bin\java.dll
0x76ba0000 - 0x76bab000 	C:\WINDOWS\system32\PSAPI.DLL
0x6d890000 - 0x6d89f000 	C:\WORKS\PROGRAMS\Java\jdk1.6.0_25\jre\bin\zip.dll

VM Arguments:
jvm_args: -Dapplication.home=C:\WORKS\PROGRAMS\Java\jdk1.6.0_25 -Xms8m -Xss4m -ea:com.sun.tools... 
java_command: com.sun.tools.javac.Main gp_07_IO\Sub3_use_stdlib.java
Launcher Type: SUN_STANDARD

Environment Variables:
JAVA_HOME=C:\WORKS\PROGRAMS\Java
PATH=C:\WINDOWS\system32;C:\WINDOWS;C:\WINDOWS\System32\Wbem;C:\WORKS\PROGRAMS\Git\cmd;C:\WORKS\PROGRAMS\Git\bin;C:\WORKS\WORKSPACES\G_nbp_new;C:\WORKS\PROGRAMS\Python266;C:\WORKS\PROGRAMS\Java;C:\WORKS\PROGRAMS\Java\jdk1.6.0_25\bin;C:\WORKS\PROGRAMS\MinGW\bin;
USERNAME=iwabuchiken
OS=Windows_NT
PROCESSOR_IDENTIFIER=x86 Family 6 Model 15 Stepping 6, GenuineIntel



---------------  S Y S T E M  ---------------

OS: Windows XP Build 2600 Service Pack 2

CPU:total 2 (2 cores per cpu, 1 threads per core) family 6 model 15 stepping 6, cmov, cx8, fxsr, mmx, sse, sse2, sse3, ssse3

Memory: 4k page, physical 2086440k(345116k free), swap 4023836k(2153396k free)

vm_info: Java HotSpot(TM) Client VM (20.0-b11) for windows-x86 JRE (1.6.0_25-b06), built on Apr 14 2011 01:04:32 by "java_re" with MS VC++ 7.1 (VS2003)

time: Wed Mar 07 10:53:41 2012
elapsed time: 0 seconds

